{"C:\\Users\\Paresh\\Desktop\\RELEVEL\\CRM-AppBuilding\\Controller\\User.controller.js": {"path":"C:\\Users\\Paresh\\Desktop\\RELEVEL\\CRM-AppBuilding\\Controller\\User.controller.js","statementMap":{"0":{"start":{"line":3,"column":13},"end":{"line":3,"column":41}},"1":{"start":{"line":5,"column":20},"end":{"line":28,"column":1}},"2":{"start":{"line":6,"column":4},"end":{"line":27,"column":5}},"3":{"start":{"line":8,"column":23},"end":{"line":8,"column":40}},"4":{"start":{"line":11,"column":3},"end":{"line":24,"column":4}},"5":{"start":{"line":13,"column":19},"end":{"line":13,"column":21}},"6":{"start":{"line":14,"column":4},"end":{"line":22,"column":5}},"7":{"start":{"line":15,"column":7},"end":{"line":21,"column":9}},"8":{"start":{"line":23,"column":3},"end":{"line":23,"column":33}},"9":{"start":{"line":26,"column":8},"end":{"line":26,"column":48}},"10":{"start":{"line":31,"column":20},"end":{"line":55,"column":1}},"11":{"start":{"line":33,"column":24},"end":{"line":33,"column":41}},"12":{"start":{"line":35,"column":20},"end":{"line":35,"column":64}},"13":{"start":{"line":37,"column":4},"end":{"line":50,"column":5}},"14":{"start":{"line":38,"column":23},"end":{"line":38,"column":25}},"15":{"start":{"line":39,"column":9},"end":{"line":47,"column":9}},"16":{"start":{"line":40,"column":11},"end":{"line":46,"column":13}},"17":{"start":{"line":48,"column":7},"end":{"line":48,"column":37}},"18":{"start":{"line":50,"column":6},"end":{"line":52,"column":5}},"19":{"start":{"line":51,"column":10},"end":{"line":51,"column":69}},"20":{"start":{"line":57,"column":26},"end":{"line":80,"column":1}},"21":{"start":{"line":59,"column":22},"end":{"line":59,"column":39}},"22":{"start":{"line":61,"column":4},"end":{"line":79,"column":5}},"23":{"start":{"line":62,"column":21},"end":{"line":68,"column":17}},"24":{"start":{"line":70,"column":8},"end":{"line":74,"column":9}},"25":{"start":{"line":71,"column":12},"end":{"line":73,"column":14}},"26":{"start":{"line":76,"column":8},"end":{"line":78,"column":10}},"27":{"start":{"line":82,"column":0},"end":{"line":82,"column":60}}},"fnMap":{"0":{"name":"(anonymous_0)","decl":{"start":{"line":5,"column":20},"end":{"line":5,"column":21}},"loc":{"start":{"line":5,"column":39},"end":{"line":28,"column":1}},"line":5},"1":{"name":"(anonymous_1)","decl":{"start":{"line":14,"column":21},"end":{"line":14,"column":22}},"loc":{"start":{"line":14,"column":31},"end":{"line":22,"column":4}},"line":14},"2":{"name":"(anonymous_2)","decl":{"start":{"line":31,"column":20},"end":{"line":31,"column":21}},"loc":{"start":{"line":31,"column":39},"end":{"line":55,"column":1}},"line":31},"3":{"name":"(anonymous_3)","decl":{"start":{"line":39,"column":27},"end":{"line":39,"column":28}},"loc":{"start":{"line":39,"column":37},"end":{"line":47,"column":8}},"line":39},"4":{"name":"(anonymous_4)","decl":{"start":{"line":57,"column":26},"end":{"line":57,"column":27}},"loc":{"start":{"line":57,"column":45},"end":{"line":80,"column":1}},"line":57}},"branchMap":{"0":{"loc":{"start":{"line":11,"column":3},"end":{"line":24,"column":4}},"type":"if","locations":[{"start":{"line":11,"column":3},"end":{"line":24,"column":4}},{"start":{},"end":{}}],"line":11},"1":{"loc":{"start":{"line":37,"column":4},"end":{"line":50,"column":5}},"type":"if","locations":[{"start":{"line":37,"column":4},"end":{"line":50,"column":5}},{"start":{},"end":{}}],"line":37},"2":{"loc":{"start":{"line":50,"column":6},"end":{"line":52,"column":5}},"type":"if","locations":[{"start":{"line":50,"column":6},"end":{"line":52,"column":5}},{"start":{},"end":{}}],"line":50},"3":{"loc":{"start":{"line":70,"column":8},"end":{"line":74,"column":9}},"type":"if","locations":[{"start":{"line":70,"column":8},"end":{"line":74,"column":9}},{"start":{},"end":{}}],"line":70}},"s":{"0":1,"1":1,"2":2,"3":2,"4":1,"5":1,"6":1,"7":1,"8":1,"9":1,"10":1,"11":2,"12":2,"13":2,"14":1,"15":1,"16":1,"17":1,"18":2,"19":1,"20":1,"21":2,"22":2,"23":2,"24":1,"25":1,"26":1,"27":1},"f":{"0":2,"1":1,"2":2,"3":1,"4":2},"b":{"0":[1,0],"1":[1,1],"2":[1,1],"3":[1,0]},"_coverageSchema":"1a1c01bbd47fc00a2c39e90264f33305004495a9","hash":"245aa23b35d51f36562ce64895a46c4402315106"}
,"C:\\Users\\Paresh\\Desktop\\RELEVEL\\CRM-AppBuilding\\Controller\\auth.controller.js": {"path":"C:\\Users\\Paresh\\Desktop\\RELEVEL\\CRM-AppBuilding\\Controller\\auth.controller.js","statementMap":{"0":{"start":{"line":3,"column":18},"end":{"line":3,"column":59}},"1":{"start":{"line":4,"column":13},"end":{"line":4,"column":41}},"2":{"start":{"line":5,"column":15},"end":{"line":5,"column":34}},"3":{"start":{"line":6,"column":12},"end":{"line":6,"column":35}},"4":{"start":{"line":7,"column":19},"end":{"line":7,"column":53}},"5":{"start":{"line":9,"column":15},"end":{"line":36,"column":1}},"6":{"start":{"line":11,"column":19},"end":{"line":11,"column":36}},"7":{"start":{"line":12,"column":21},"end":{"line":12,"column":40}},"8":{"start":{"line":14,"column":4},"end":{"line":18,"column":5}},"9":{"start":{"line":15,"column":13},"end":{"line":15,"column":55}},"10":{"start":{"line":17,"column":8},"end":{"line":17,"column":50}},"11":{"start":{"line":20,"column":4},"end":{"line":35,"column":5}},"12":{"start":{"line":21,"column":27},"end":{"line":28,"column":10}},"13":{"start":{"line":30,"column":8},"end":{"line":30,"column":59}},"14":{"start":{"line":33,"column":9},"end":{"line":33,"column":59}},"15":{"start":{"line":34,"column":9},"end":{"line":34,"column":71}},"16":{"start":{"line":38,"column":15},"end":{"line":77,"column":1}},"17":{"start":{"line":40,"column":17},"end":{"line":40,"column":62}},"18":{"start":{"line":41,"column":4},"end":{"line":46,"column":5}},"19":{"start":{"line":42,"column":8},"end":{"line":44,"column":10}},"20":{"start":{"line":45,"column":8},"end":{"line":45,"column":15}},"21":{"start":{"line":48,"column":4},"end":{"line":53,"column":5}},"22":{"start":{"line":49,"column":8},"end":{"line":51,"column":10}},"23":{"start":{"line":52,"column":8},"end":{"line":52,"column":15}},"24":{"start":{"line":56,"column":26},"end":{"line":56,"column":78}},"25":{"start":{"line":58,"column":4},"end":{"line":62,"column":5}},"26":{"start":{"line":59,"column":8},"end":{"line":61,"column":10}},"27":{"start":{"line":64,"column":16},"end":{"line":66,"column":6}},"28":{"start":{"line":68,"column":4},"end":{"line":75,"column":6}},"29":{"start":{"line":79,"column":0},"end":{"line":79,"column":33}}},"fnMap":{"0":{"name":"(anonymous_0)","decl":{"start":{"line":9,"column":15},"end":{"line":9,"column":16}},"loc":{"start":{"line":9,"column":34},"end":{"line":36,"column":1}},"line":9},"1":{"name":"(anonymous_1)","decl":{"start":{"line":38,"column":15},"end":{"line":38,"column":16}},"loc":{"start":{"line":38,"column":34},"end":{"line":77,"column":1}},"line":38}},"branchMap":{"0":{"loc":{"start":{"line":14,"column":4},"end":{"line":18,"column":5}},"type":"if","locations":[{"start":{"line":14,"column":4},"end":{"line":18,"column":5}},{"start":{"line":16,"column":11},"end":{"line":18,"column":5}}],"line":14},"1":{"loc":{"start":{"line":41,"column":4},"end":{"line":46,"column":5}},"type":"if","locations":[{"start":{"line":41,"column":4},"end":{"line":46,"column":5}},{"start":{},"end":{}}],"line":41},"2":{"loc":{"start":{"line":48,"column":4},"end":{"line":53,"column":5}},"type":"if","locations":[{"start":{"line":48,"column":4},"end":{"line":53,"column":5}},{"start":{},"end":{}}],"line":48},"3":{"loc":{"start":{"line":58,"column":4},"end":{"line":62,"column":5}},"type":"if","locations":[{"start":{"line":58,"column":4},"end":{"line":62,"column":5}},{"start":{},"end":{}}],"line":58}},"s":{"0":1,"1":1,"2":1,"3":1,"4":1,"5":1,"6":2,"7":2,"8":2,"9":0,"10":2,"11":2,"12":2,"13":1,"14":1,"15":1,"16":1,"17":4,"18":4,"19":1,"20":1,"21":3,"22":1,"23":1,"24":2,"25":2,"26":1,"27":1,"28":1,"29":1},"f":{"0":2,"1":4},"b":{"0":[0,2],"1":[1,3],"2":[1,2],"3":[1,1]},"_coverageSchema":"1a1c01bbd47fc00a2c39e90264f33305004495a9","hash":"752ebff9aa3a73e0184ab5a043cf0457c2606d34"}
,"C:\\Users\\Paresh\\Desktop\\RELEVEL\\CRM-AppBuilding\\Controller\\ticket.controller.js": {"path":"C:\\Users\\Paresh\\Desktop\\RELEVEL\\CRM-AppBuilding\\Controller\\ticket.controller.js","statementMap":{"0":{"start":{"line":1,"column":13},"end":{"line":1,"column":41}},"1":{"start":{"line":2,"column":15},"end":{"line":2,"column":45}},"2":{"start":{"line":3,"column":18},"end":{"line":3,"column":59}},"3":{"start":{"line":4,"column":16},"end":{"line":4,"column":46}},"4":{"start":{"line":5,"column":14},"end":{"line":5,"column":42}},"5":{"start":{"line":6,"column":18},"end":{"line":6,"column":66}},"6":{"start":{"line":8,"column":21},"end":{"line":62,"column":1}},"7":{"start":{"line":11,"column":25},"end":{"line":18,"column":5}},"8":{"start":{"line":21,"column":21},"end":{"line":24,"column":6}},"9":{"start":{"line":26,"column":4},"end":{"line":26,"column":43}},"10":{"start":{"line":28,"column":4},"end":{"line":61,"column":5}},"11":{"start":{"line":29,"column":23},"end":{"line":29,"column":56}},"12":{"start":{"line":31,"column":8},"end":{"line":56,"column":9}},"13":{"start":{"line":33,"column":25},"end":{"line":35,"column":14}},"14":{"start":{"line":37,"column":12},"end":{"line":37,"column":49}},"15":{"start":{"line":38,"column":12},"end":{"line":38,"column":29}},"16":{"start":{"line":41,"column":12},"end":{"line":44,"column":13}},"17":{"start":{"line":42,"column":16},"end":{"line":42,"column":57}},"18":{"start":{"line":43,"column":16},"end":{"line":43,"column":37}},"19":{"start":{"line":46,"column":12},"end":{"line":52,"column":13}},"20":{"start":{"line":55,"column":12},"end":{"line":55,"column":70}},"21":{"start":{"line":58,"column":8},"end":{"line":60,"column":10}},"22":{"start":{"line":65,"column":21},"end":{"line":88,"column":1}},"23":{"start":{"line":69,"column":19},"end":{"line":69,"column":61}},"24":{"start":{"line":70,"column":21},"end":{"line":70,"column":63}},"25":{"start":{"line":72,"column":4},"end":{"line":86,"column":5}},"26":{"start":{"line":74,"column":8},"end":{"line":77,"column":86}},"27":{"start":{"line":79,"column":28},"end":{"line":79,"column":47}},"28":{"start":{"line":81,"column":8},"end":{"line":81,"column":50}},"29":{"start":{"line":83,"column":8},"end":{"line":85,"column":10}},"30":{"start":{"line":91,"column":22},"end":{"line":118,"column":1}},"31":{"start":{"line":93,"column":4},"end":{"line":116,"column":5}},"32":{"start":{"line":95,"column":27},"end":{"line":95,"column":47}},"33":{"start":{"line":96,"column":25},"end":{"line":96,"column":67}},"34":{"start":{"line":98,"column":8},"end":{"line":113,"column":9}},"35":{"start":{"line":99,"column":29},"end":{"line":99,"column":31}},"36":{"start":{"line":100,"column":12},"end":{"line":111,"column":14}},"37":{"start":{"line":101,"column":16},"end":{"line":110,"column":17}},"38":{"start":{"line":112,"column":12},"end":{"line":112,"column":44}},"39":{"start":{"line":115,"column":10},"end":{"line":115,"column":71}},"40":{"start":{"line":120,"column":43},"end":{"line":145,"column":1}},"41":{"start":{"line":125,"column":20},"end":{"line":125,"column":22}},"42":{"start":{"line":127,"column":21},"end":{"line":127,"column":60}},"43":{"start":{"line":129,"column":4},"end":{"line":131,"column":5}},"44":{"start":{"line":130,"column":8},"end":{"line":130,"column":45}},"45":{"start":{"line":133,"column":4},"end":{"line":135,"column":5}},"46":{"start":{"line":134,"column":8},"end":{"line":134,"column":61}},"47":{"start":{"line":138,"column":5},"end":{"line":142,"column":1}},"48":{"start":{"line":139,"column":8},"end":{"line":139,"column":37}},"49":{"start":{"line":141,"column":8},"end":{"line":141,"column":37}},"50":{"start":{"line":143,"column":19},"end":{"line":143,"column":49}},"51":{"start":{"line":144,"column":4},"end":{"line":144,"column":39}},"52":{"start":{"line":147,"column":23},"end":{"line":183,"column":1}},"53":{"start":{"line":149,"column":29},"end":{"line":149,"column":42}},"54":{"start":{"line":150,"column":26},"end":{"line":150,"column":72}},"55":{"start":{"line":151,"column":21},"end":{"line":151,"column":63}},"56":{"start":{"line":153,"column":4},"end":{"line":181,"column":5}},"57":{"start":{"line":155,"column":8},"end":{"line":177,"column":9}},"58":{"start":{"line":157,"column":30},"end":{"line":157,"column":32}},"59":{"start":{"line":158,"column":12},"end":{"line":168,"column":14}},"60":{"start":{"line":159,"column":16},"end":{"line":167,"column":19}},"61":{"start":{"line":171,"column":8},"end":{"line":171,"column":41}},"62":{"start":{"line":173,"column":15},"end":{"line":177,"column":9}},"63":{"start":{"line":174,"column":13},"end":{"line":174,"column":55}},"64":{"start":{"line":176,"column":12},"end":{"line":176,"column":87}},"65":{"start":{"line":180,"column":8},"end":{"line":180,"column":45}},"66":{"start":{"line":185,"column":0},"end":{"line":185,"column":108}}},"fnMap":{"0":{"name":"(anonymous_0)","decl":{"start":{"line":8,"column":21},"end":{"line":8,"column":22}},"loc":{"start":{"line":8,"column":40},"end":{"line":62,"column":1}},"line":8},"1":{"name":"(anonymous_1)","decl":{"start":{"line":65,"column":21},"end":{"line":65,"column":22}},"loc":{"start":{"line":65,"column":40},"end":{"line":88,"column":1}},"line":65},"2":{"name":"(anonymous_2)","decl":{"start":{"line":91,"column":22},"end":{"line":91,"column":23}},"loc":{"start":{"line":91,"column":41},"end":{"line":118,"column":1}},"line":91},"3":{"name":"(anonymous_3)","decl":{"start":{"line":100,"column":31},"end":{"line":100,"column":32}},"loc":{"start":{"line":100,"column":43},"end":{"line":111,"column":13}},"line":100},"4":{"name":"(anonymous_4)","decl":{"start":{"line":120,"column":43},"end":{"line":120,"column":44}},"loc":{"start":{"line":120,"column":62},"end":{"line":145,"column":1}},"line":120},"5":{"name":"(anonymous_5)","decl":{"start":{"line":147,"column":23},"end":{"line":147,"column":24}},"loc":{"start":{"line":147,"column":42},"end":{"line":183,"column":1}},"line":147},"6":{"name":"(anonymous_6)","decl":{"start":{"line":158,"column":34},"end":{"line":158,"column":35}},"loc":{"start":{"line":158,"column":46},"end":{"line":168,"column":13}},"line":158}},"branchMap":{"0":{"loc":{"start":{"line":31,"column":8},"end":{"line":56,"column":9}},"type":"if","locations":[{"start":{"line":31,"column":8},"end":{"line":56,"column":9}},{"start":{},"end":{}}],"line":31},"1":{"loc":{"start":{"line":41,"column":12},"end":{"line":44,"column":13}},"type":"if","locations":[{"start":{"line":41,"column":12},"end":{"line":44,"column":13}},{"start":{},"end":{}}],"line":41},"2":{"loc":{"start":{"line":72,"column":4},"end":{"line":86,"column":5}},"type":"if","locations":[{"start":{"line":72,"column":4},"end":{"line":86,"column":5}},{"start":{"line":82,"column":9},"end":{"line":86,"column":5}}],"line":72},"3":{"loc":{"start":{"line":72,"column":7},"end":{"line":72,"column":129}},"type":"binary-expr","locations":[{"start":{"line":72,"column":7},"end":{"line":72,"column":13}},{"start":{"line":72,"column":17},"end":{"line":72,"column":46}},{"start":{"line":72,"column":50},"end":{"line":72,"column":79}},{"start":{"line":72,"column":83},"end":{"line":72,"column":129}}],"line":72},"4":{"loc":{"start":{"line":74,"column":23},"end":{"line":74,"column":82}},"type":"cond-expr","locations":[{"start":{"line":74,"column":53},"end":{"line":74,"column":67}},{"start":{"line":74,"column":70},"end":{"line":74,"column":82}}],"line":74},"5":{"loc":{"start":{"line":75,"column":29},"end":{"line":75,"column":105}},"type":"cond-expr","locations":[{"start":{"line":75,"column":65},"end":{"line":75,"column":85}},{"start":{"line":75,"column":87},"end":{"line":75,"column":105}}],"line":75},"6":{"loc":{"start":{"line":76,"column":32},"end":{"line":76,"column":118}},"type":"cond-expr","locations":[{"start":{"line":76,"column":71},"end":{"line":76,"column":94}},{"start":{"line":76,"column":97},"end":{"line":76,"column":118}}],"line":76},"7":{"loc":{"start":{"line":77,"column":24},"end":{"line":77,"column":86}},"type":"cond-expr","locations":[{"start":{"line":77,"column":55},"end":{"line":77,"column":70}},{"start":{"line":77,"column":73},"end":{"line":77,"column":86}}],"line":77},"8":{"loc":{"start":{"line":98,"column":8},"end":{"line":113,"column":9}},"type":"if","locations":[{"start":{"line":98,"column":8},"end":{"line":113,"column":9}},{"start":{},"end":{}}],"line":98},"9":{"loc":{"start":{"line":98,"column":11},"end":{"line":98,"column":124}},"type":"binary-expr","locations":[{"start":{"line":98,"column":11},"end":{"line":98,"column":21}},{"start":{"line":98,"column":25},"end":{"line":98,"column":74}},{"start":{"line":98,"column":78},"end":{"line":98,"column":124}}],"line":98},"10":{"loc":{"start":{"line":129,"column":4},"end":{"line":131,"column":5}},"type":"if","locations":[{"start":{"line":129,"column":4},"end":{"line":131,"column":5}},{"start":{},"end":{}}],"line":129},"11":{"loc":{"start":{"line":133,"column":4},"end":{"line":135,"column":5}},"type":"if","locations":[{"start":{"line":133,"column":4},"end":{"line":135,"column":5}},{"start":{},"end":{}}],"line":133},"12":{"loc":{"start":{"line":138,"column":5},"end":{"line":142,"column":1}},"type":"if","locations":[{"start":{"line":138,"column":5},"end":{"line":142,"column":1}},{"start":{"line":140,"column":11},"end":{"line":142,"column":1}}],"line":138},"13":{"loc":{"start":{"line":155,"column":8},"end":{"line":177,"column":9}},"type":"if","locations":[{"start":{"line":155,"column":8},"end":{"line":177,"column":9}},{"start":{"line":173,"column":15},"end":{"line":177,"column":9}}],"line":155},"14":{"loc":{"start":{"line":155,"column":12},"end":{"line":155,"column":75}},"type":"binary-expr","locations":[{"start":{"line":155,"column":12},"end":{"line":155,"column":25}},{"start":{"line":155,"column":29},"end":{"line":155,"column":75}}],"line":155},"15":{"loc":{"start":{"line":173,"column":15},"end":{"line":177,"column":9}},"type":"if","locations":[{"start":{"line":173,"column":15},"end":{"line":177,"column":9}},{"start":{"line":175,"column":15},"end":{"line":177,"column":9}}],"line":173}},"s":{"0":1,"1":1,"2":1,"3":1,"4":1,"5":1,"6":1,"7":1,"8":1,"9":1,"10":1,"11":1,"12":1,"13":1,"14":1,"15":1,"16":1,"17":1,"18":1,"19":1,"20":1,"21":0,"22":1,"23":0,"24":0,"25":0,"26":0,"27":0,"28":0,"29":0,"30":1,"31":0,"32":0,"33":0,"34":0,"35":0,"36":0,"37":0,"38":0,"39":0,"40":1,"41":0,"42":0,"43":0,"44":0,"45":0,"46":0,"47":0,"48":0,"49":0,"50":0,"51":0,"52":1,"53":0,"54":0,"55":0,"56":0,"57":0,"58":0,"59":0,"60":0,"61":0,"62":0,"63":0,"64":0,"65":0,"66":1},"f":{"0":1,"1":0,"2":0,"3":0,"4":0,"5":0,"6":0},"b":{"0":[1,0],"1":[1,0],"2":[0,0],"3":[0,0,0,0],"4":[0,0],"5":[0,0],"6":[0,0],"7":[0,0],"8":[0,0],"9":[0,0,0],"10":[0,0],"11":[0,0],"12":[0,0],"13":[0,0],"14":[0,0],"15":[0,0]},"_coverageSchema":"1a1c01bbd47fc00a2c39e90264f33305004495a9","hash":"34a13ccacc079f81f7e1cddb0207d4b3c4d2a378"}
,"C:\\Users\\Paresh\\Desktop\\RELEVEL\\CRM-AppBuilding\\Models\\Tickets.js": {"path":"C:\\Users\\Paresh\\Desktop\\RELEVEL\\CRM-AppBuilding\\Models\\Tickets.js","statementMap":{"0":{"start":{"line":3,"column":17},"end":{"line":3,"column":36}},"1":{"start":{"line":5,"column":20},"end":{"line":44,"column":1}},"2":{"start":{"line":33,"column":16},"end":{"line":33,"column":33}},"3":{"start":{"line":40,"column":16},"end":{"line":40,"column":33}},"4":{"start":{"line":47,"column":0},"end":{"line":47,"column":61}}},"fnMap":{"0":{"name":"(anonymous_0)","decl":{"start":{"line":32,"column":22},"end":{"line":32,"column":23}},"loc":{"start":{"line":32,"column":28},"end":{"line":34,"column":13}},"line":32},"1":{"name":"(anonymous_1)","decl":{"start":{"line":39,"column":22},"end":{"line":39,"column":23}},"loc":{"start":{"line":39,"column":28},"end":{"line":41,"column":13}},"line":39}},"branchMap":{},"s":{"0":1,"1":1,"2":0,"3":0,"4":1},"f":{"0":0,"1":0},"b":{},"_coverageSchema":"1a1c01bbd47fc00a2c39e90264f33305004495a9","hash":"6b29d9737c091ca0000fc39fa5ae932b988cc535"}
,"C:\\Users\\Paresh\\Desktop\\RELEVEL\\CRM-AppBuilding\\Models\\Users.js": {"path":"C:\\Users\\Paresh\\Desktop\\RELEVEL\\CRM-AppBuilding\\Models\\Users.js","statementMap":{"0":{"start":{"line":3,"column":17},"end":{"line":3,"column":36}},"1":{"start":{"line":5,"column":19},"end":{"line":58,"column":1}},"2":{"start":{"line":40,"column":16},"end":{"line":40,"column":34}},"3":{"start":{"line":46,"column":16},"end":{"line":46,"column":34}},"4":{"start":{"line":60,"column":0},"end":{"line":60,"column":52}}},"fnMap":{"0":{"name":"(anonymous_0)","decl":{"start":{"line":39,"column":22},"end":{"line":39,"column":23}},"loc":{"start":{"line":39,"column":28},"end":{"line":41,"column":13}},"line":39},"1":{"name":"(anonymous_1)","decl":{"start":{"line":45,"column":22},"end":{"line":45,"column":23}},"loc":{"start":{"line":45,"column":28},"end":{"line":47,"column":13}},"line":45}},"branchMap":{},"s":{"0":3,"1":3,"2":1,"3":1,"4":3},"f":{"0":1,"1":1},"b":{},"_coverageSchema":"1a1c01bbd47fc00a2c39e90264f33305004495a9","hash":"fd30ee8999b26ab73bc93d5835da5f8165037d25"}
,"C:\\Users\\Paresh\\Desktop\\RELEVEL\\CRM-AppBuilding\\config\\auth.config.js": {"path":"C:\\Users\\Paresh\\Desktop\\RELEVEL\\CRM-AppBuilding\\config\\auth.config.js","statementMap":{"0":{"start":{"line":3,"column":0},"end":{"line":5,"column":1}}},"fnMap":{},"branchMap":{},"s":{"0":1},"f":{},"b":{},"_coverageSchema":"1a1c01bbd47fc00a2c39e90264f33305004495a9","hash":"aa09ad20fa268b0f76d98d795b4615282bc6815b"}
,"C:\\Users\\Paresh\\Desktop\\RELEVEL\\CRM-AppBuilding\\test\\db.js": {"path":"C:\\Users\\Paresh\\Desktop\\RELEVEL\\CRM-AppBuilding\\test\\db.js","statementMap":{"0":{"start":{"line":3,"column":17},"end":{"line":3,"column":36}},"1":{"start":{"line":4,"column":28},"end":{"line":4,"column":60}},"2":{"start":{"line":9,"column":0},"end":{"line":19,"column":1}},"3":{"start":{"line":10,"column":4},"end":{"line":18,"column":5}},"4":{"start":{"line":11,"column":8},"end":{"line":11,"column":50}},"5":{"start":{"line":12,"column":20},"end":{"line":12,"column":35}},"6":{"start":{"line":13,"column":29},"end":{"line":16,"column":9}},"7":{"start":{"line":17,"column":8},"end":{"line":17,"column":43}},"8":{"start":{"line":22,"column":0},"end":{"line":28,"column":1}},"9":{"start":{"line":23,"column":4},"end":{"line":23,"column":45}},"10":{"start":{"line":24,"column":4},"end":{"line":24,"column":38}},"11":{"start":{"line":25,"column":4},"end":{"line":27,"column":5}},"12":{"start":{"line":26,"column":8},"end":{"line":26,"column":27}},"13":{"start":{"line":31,"column":0},"end":{"line":38,"column":5}},"14":{"start":{"line":32,"column":24},"end":{"line":32,"column":61}},"15":{"start":{"line":34,"column":4},"end":{"line":37,"column":5}},"16":{"start":{"line":35,"column":27},"end":{"line":35,"column":41}},"17":{"start":{"line":36,"column":8},"end":{"line":36,"column":31}}},"fnMap":{"0":{"name":"(anonymous_0)","decl":{"start":{"line":9,"column":25},"end":{"line":9,"column":26}},"loc":{"start":{"line":9,"column":37},"end":{"line":19,"column":1}},"line":9},"1":{"name":"(anonymous_1)","decl":{"start":{"line":22,"column":31},"end":{"line":22,"column":32}},"loc":{"start":{"line":22,"column":43},"end":{"line":28,"column":1}},"line":22},"2":{"name":"(anonymous_2)","decl":{"start":{"line":31,"column":31},"end":{"line":31,"column":32}},"loc":{"start":{"line":31,"column":43},"end":{"line":38,"column":5}},"line":31}},"branchMap":{"0":{"loc":{"start":{"line":10,"column":4},"end":{"line":18,"column":5}},"type":"if","locations":[{"start":{"line":10,"column":4},"end":{"line":18,"column":5}},{"start":{},"end":{}}],"line":10},"1":{"loc":{"start":{"line":25,"column":4},"end":{"line":27,"column":5}},"type":"if","locations":[{"start":{"line":25,"column":4},"end":{"line":27,"column":5}},{"start":{},"end":{}}],"line":25}},"s":{"0":3,"1":3,"2":3,"3":2,"4":2,"5":2,"6":2,"7":2,"8":3,"9":2,"10":2,"11":2,"12":2,"13":3,"14":8,"15":8,"16":10,"17":10},"f":{"0":2,"1":2,"2":8},"b":{"0":[2,0],"1":[2,0]},"_coverageSchema":"1a1c01bbd47fc00a2c39e90264f33305004495a9","hash":"f09b10d5b4df4ebe6d99eef3040adf9863122b6b"}
,"C:\\Users\\Paresh\\Desktop\\RELEVEL\\CRM-AppBuilding\\test\\interceptor.js": {"path":"C:\\Users\\Paresh\\Desktop\\RELEVEL\\CRM-AppBuilding\\test\\interceptor.js","statementMap":{"0":{"start":{"line":3,"column":0},"end":{"line":18,"column":1}},"1":{"start":{"line":5,"column":20},"end":{"line":5,"column":22}},"2":{"start":{"line":6,"column":8},"end":{"line":6,"column":49}},"3":{"start":{"line":7,"column":8},"end":{"line":7,"column":51}},"4":{"start":{"line":8,"column":8},"end":{"line":8,"column":19}},"5":{"start":{"line":12,"column":20},"end":{"line":12,"column":22}},"6":{"start":{"line":13,"column":8},"end":{"line":13,"column":50}},"7":{"start":{"line":14,"column":8},"end":{"line":14,"column":51}},"8":{"start":{"line":15,"column":8},"end":{"line":15,"column":49}},"9":{"start":{"line":16,"column":8},"end":{"line":16,"column":18}}},"fnMap":{"0":{"name":"(anonymous_0)","decl":{"start":{"line":4,"column":17},"end":{"line":4,"column":18}},"loc":{"start":{"line":4,"column":23},"end":{"line":9,"column":5}},"line":4},"1":{"name":"(anonymous_1)","decl":{"start":{"line":11,"column":18},"end":{"line":11,"column":19}},"loc":{"start":{"line":11,"column":24},"end":{"line":17,"column":5}},"line":11}},"branchMap":{},"s":{"0":3,"1":13,"2":13,"3":13,"4":13,"5":13,"6":13,"7":13,"8":13,"9":13},"f":{"0":13,"1":13},"b":{},"_coverageSchema":"1a1c01bbd47fc00a2c39e90264f33305004495a9","hash":"36f0dfdd4ef5943e6a670ee205f52e96f02b47b4"}
,"C:\\Users\\Paresh\\Desktop\\RELEVEL\\CRM-AppBuilding\\utils\\Constants\\NotificationSend.js": {"path":"C:\\Users\\Paresh\\Desktop\\RELEVEL\\CRM-AppBuilding\\utils\\Constants\\NotificationSend.js","statementMap":{"0":{"start":{"line":4,"column":13},"end":{"line":4,"column":47}},"1":{"start":{"line":6,"column":13},"end":{"line":6,"column":25}},"2":{"start":{"line":8,"column":0},"end":{"line":26,"column":1}},"3":{"start":{"line":9,"column":18},"end":{"line":15,"column":5}},"4":{"start":{"line":17,"column":15},"end":{"line":20,"column":5}},"5":{"start":{"line":22,"column":4},"end":{"line":25,"column":6}},"6":{"start":{"line":23,"column":8},"end":{"line":23,"column":25}}},"fnMap":{"0":{"name":"(anonymous_0)","decl":{"start":{"line":8,"column":17},"end":{"line":8,"column":18}},"loc":{"start":{"line":8,"column":70},"end":{"line":26,"column":1}},"line":8},"1":{"name":"(anonymous_1)","decl":{"start":{"line":22,"column":93},"end":{"line":22,"column":94}},"loc":{"start":{"line":22,"column":118},"end":{"line":25,"column":5}},"line":22}},"branchMap":{},"s":{"0":1,"1":1,"2":1,"3":1,"4":1,"5":1,"6":0},"f":{"0":1,"1":0},"b":{},"_coverageSchema":"1a1c01bbd47fc00a2c39e90264f33305004495a9","hash":"072bd862a4996062e9155ec5f07e393a0853434a"}
,"C:\\Users\\Paresh\\Desktop\\RELEVEL\\CRM-AppBuilding\\utils\\Constants\\constants.js": {"path":"C:\\Users\\Paresh\\Desktop\\RELEVEL\\CRM-AppBuilding\\utils\\Constants\\constants.js","statementMap":{"0":{"start":{"line":4,"column":0},"end":{"line":25,"column":1}}},"fnMap":{},"branchMap":{},"s":{"0":2},"f":{},"b":{},"_coverageSchema":"1a1c01bbd47fc00a2c39e90264f33305004495a9","hash":"cb945866a0c39752394e3a5be5eaeb4506df208d"}
}
