TN:
SF:Controller\User.controller.js
FN:5,(anonymous_0)
FN:14,(anonymous_1)
FN:31,(anonymous_2)
FN:39,(anonymous_3)
FN:57,(anonymous_4)
FNF:5
FNH:5
FNDA:2,(anonymous_0)
FNDA:1,(anonymous_1)
FNDA:2,(anonymous_2)
FNDA:1,(anonymous_3)
FNDA:2,(anonymous_4)
DA:3,1
DA:5,1
DA:6,2
DA:8,2
DA:11,1
DA:13,1
DA:14,1
DA:15,1
DA:23,1
DA:26,1
DA:31,1
DA:33,2
DA:35,2
DA:37,2
DA:38,1
DA:39,1
DA:40,1
DA:48,1
DA:50,2
DA:51,1
DA:57,1
DA:59,2
DA:61,2
DA:62,2
DA:70,1
DA:71,1
DA:76,1
DA:82,1
LF:28
LH:28
BRDA:11,0,0,1
BRDA:11,0,1,0
BRDA:37,1,0,1
BRDA:37,1,1,1
BRDA:50,2,0,1
BRDA:50,2,1,1
BRDA:70,3,0,1
BRDA:70,3,1,0
BRF:8
BRH:6
end_of_record
TN:
SF:Controller\auth.controller.js
FN:9,(anonymous_0)
FN:38,(anonymous_1)
FNF:2
FNH:2
FNDA:2,(anonymous_0)
FNDA:4,(anonymous_1)
DA:3,1
DA:4,1
DA:5,1
DA:6,1
DA:7,1
DA:9,1
DA:11,2
DA:12,2
DA:14,2
DA:15,0
DA:17,2
DA:20,2
DA:21,2
DA:30,1
DA:33,1
DA:34,1
DA:38,1
DA:40,4
DA:41,4
DA:42,1
DA:45,1
DA:48,3
DA:49,1
DA:52,1
DA:56,2
DA:58,2
DA:59,1
DA:64,1
DA:68,1
DA:79,1
LF:30
LH:29
BRDA:14,0,0,0
BRDA:14,0,1,2
BRDA:41,1,0,1
BRDA:41,1,1,3
BRDA:48,2,0,1
BRDA:48,2,1,2
BRDA:58,3,0,1
BRDA:58,3,1,1
BRF:8
BRH:7
end_of_record
TN:
SF:Controller\ticket.controller.js
FN:8,(anonymous_0)
FN:65,(anonymous_1)
FN:91,(anonymous_2)
FN:100,(anonymous_3)
FN:120,(anonymous_4)
FN:147,(anonymous_5)
FN:158,(anonymous_6)
FNF:7
FNH:1
FNDA:1,(anonymous_0)
FNDA:0,(anonymous_1)
FNDA:0,(anonymous_2)
FNDA:0,(anonymous_3)
FNDA:0,(anonymous_4)
FNDA:0,(anonymous_5)
FNDA:0,(anonymous_6)
DA:1,1
DA:2,1
DA:3,1
DA:4,1
DA:5,1
DA:6,1
DA:8,1
DA:11,1
DA:21,1
DA:26,1
DA:28,1
DA:29,1
DA:31,1
DA:33,1
DA:37,1
DA:38,1
DA:41,1
DA:42,1
DA:43,1
DA:46,1
DA:55,1
DA:58,0
DA:65,1
DA:69,0
DA:70,0
DA:72,0
DA:74,0
DA:79,0
DA:81,0
DA:83,0
DA:91,1
DA:93,0
DA:95,0
DA:96,0
DA:98,0
DA:99,0
DA:100,0
DA:101,0
DA:112,0
DA:115,0
DA:120,1
DA:125,0
DA:127,0
DA:129,0
DA:130,0
DA:133,0
DA:134,0
DA:138,0
DA:139,0
DA:141,0
DA:143,0
DA:144,0
DA:147,1
DA:149,0
DA:150,0
DA:151,0
DA:153,0
DA:155,0
DA:157,0
DA:158,0
DA:159,0
DA:171,0
DA:173,0
DA:174,0
DA:176,0
DA:180,0
DA:185,1
LF:67
LH:26
BRDA:31,0,0,1
BRDA:31,0,1,0
BRDA:41,1,0,1
BRDA:41,1,1,0
BRDA:72,2,0,0
BRDA:72,2,1,0
BRDA:72,3,0,0
BRDA:72,3,1,0
BRDA:72,3,2,0
BRDA:72,3,3,0
BRDA:74,4,0,0
BRDA:74,4,1,0
BRDA:75,5,0,0
BRDA:75,5,1,0
BRDA:76,6,0,0
BRDA:76,6,1,0
BRDA:77,7,0,0
BRDA:77,7,1,0
BRDA:98,8,0,0
BRDA:98,8,1,0
BRDA:98,9,0,0
BRDA:98,9,1,0
BRDA:98,9,2,0
BRDA:129,10,0,0
BRDA:129,10,1,0
BRDA:133,11,0,0
BRDA:133,11,1,0
BRDA:138,12,0,0
BRDA:138,12,1,0
BRDA:155,13,0,0
BRDA:155,13,1,0
BRDA:155,14,0,0
BRDA:155,14,1,0
BRDA:173,15,0,0
BRDA:173,15,1,0
BRF:35
BRH:2
end_of_record
TN:
SF:Models\Tickets.js
FN:32,(anonymous_0)
FN:39,(anonymous_1)
FNF:2
FNH:0
FNDA:0,(anonymous_0)
FNDA:0,(anonymous_1)
DA:3,1
DA:5,1
DA:33,0
DA:40,0
DA:47,1
LF:5
LH:3
BRF:0
BRH:0
end_of_record
TN:
SF:Models\Users.js
FN:39,(anonymous_0)
FN:45,(anonymous_1)
FNF:2
FNH:2
FNDA:1,(anonymous_0)
FNDA:1,(anonymous_1)
DA:3,3
DA:5,3
DA:40,1
DA:46,1
DA:60,3
LF:5
LH:5
BRF:0
BRH:0
end_of_record
TN:
SF:config\auth.config.js
FNF:0
FNH:0
DA:3,1
LF:1
LH:1
BRF:0
BRH:0
end_of_record
TN:
SF:test\db.js
FN:9,(anonymous_0)
FN:22,(anonymous_1)
FN:31,(anonymous_2)
FNF:3
FNH:3
FNDA:2,(anonymous_0)
FNDA:2,(anonymous_1)
FNDA:8,(anonymous_2)
DA:3,3
DA:4,3
DA:9,3
DA:10,2
DA:11,2
DA:12,2
DA:13,2
DA:17,2
DA:22,3
DA:23,2
DA:24,2
DA:25,2
DA:26,2
DA:31,3
DA:32,8
DA:34,8
DA:35,10
DA:36,10
LF:18
LH:18
BRDA:10,0,0,2
BRDA:10,0,1,0
BRDA:25,1,0,2
BRDA:25,1,1,0
BRF:4
BRH:2
end_of_record
TN:
SF:test\interceptor.js
FN:4,(anonymous_0)
FN:11,(anonymous_1)
FNF:2
FNH:2
FNDA:13,(anonymous_0)
FNDA:13,(anonymous_1)
DA:3,3
DA:5,13
DA:6,13
DA:7,13
DA:8,13
DA:12,13
DA:13,13
DA:14,13
DA:15,13
DA:16,13
LF:10
LH:10
BRF:0
BRH:0
end_of_record
TN:
SF:utils\Constants\NotificationSend.js
FN:8,(anonymous_0)
FN:22,(anonymous_1)
FNF:2
FNH:1
FNDA:1,(anonymous_0)
FNDA:0,(anonymous_1)
DA:4,1
DA:6,1
DA:8,1
DA:9,1
DA:17,1
DA:22,1
DA:23,0
LF:7
LH:6
BRF:0
BRH:0
end_of_record
TN:
SF:utils\Constants\constants.js
FNF:0
FNH:0
DA:4,2
LF:1
LH:1
BRF:0
BRH:0
end_of_record
